<div class="story">
<h1></h1>
<div class="path">thucydidesTest/stories/consult_dictionary/Adding2FieldsToTheTable.story</div>
<div class="scenario">
<h2>Scenario: Adding 2 fields to the table</h2>
<div class="step failed">Given the user is on the Ranorex web page <span class="keyword failed">(FAILED)</span><br/><span class="message failed">net.thucydides.core.webdriver.WebdriverAssertionError: java.lang.NoClassDefFoundError: org/json/JSONException</span></div>
<div class="step notPerformed">Given the user enter first name <span class="step parameter">Frank</span> <span class="keyword notPerformed">(NOT PERFORMED)</span></div>
<div class="step notPerformed">Given the user enter last name <span class="step parameter">Sinatra</span> <span class="keyword notPerformed">(NOT PERFORMED)</span></div>
<div class="step notPerformed">When the user press button 'Add' first time <span class="keyword notPerformed">(NOT PERFORMED)</span></div>
<div class="step notPerformed">Given the user enter first name <span class="step parameter">Kings</span> <span class="keyword notPerformed">(NOT PERFORMED)</span></div>
<div class="step notPerformed">Given the user enter last name <span class="step parameter">Of Leon</span> <span class="keyword notPerformed">(NOT PERFORMED)</span></div>
<div class="step notPerformed">When the user press button 'Add' second time <span class="keyword notPerformed">(NOT PERFORMED)</span></div>
<div class="step notPerformed">Then vip count should be 2 <span class="keyword notPerformed">(NOT PERFORMED)</span></div>
<pre class="failure">net.thucydides.core.webdriver.WebdriverAssertionError: java.lang.NoClassDefFoundError: org/json/JSONException
	at org.openqa.selenium.firefox.FirefoxProfile.&lt;init&gt;(FirefoxProfile.java:88)
	at org.openqa.selenium.firefox.FirefoxProfile.&lt;init&gt;(FirefoxProfile.java:78)
	at org.openqa.selenium.firefox.FirefoxProfile.&lt;init&gt;(FirefoxProfile.java:66)
	at net.thucydides.core.webdriver.WebDriverFactory.createNewFirefoxProfile(WebDriverFactory.java:690)
	at net.thucydides.core.webdriver.WebDriverFactory.buildFirefoxProfile(WebDriverFactory.java:713)
	at net.thucydides.core.webdriver.WebDriverFactory.firefoxDriver(WebDriverFactory.java:535)
	at net.thucydides.core.webdriver.WebDriverFactory.newWebdriverInstance(WebDriverFactory.java:169)
	at net.thucydides.core.webdriver.WebDriverFacade.newDriverInstance(WebDriverFacade.java:88)
	at net.thucydides.core.webdriver.WebDriverFacade.newProxyDriver(WebDriverFacade.java:82)
	at net.thucydides.core.webdriver.WebDriverFacade.getProxiedDriver(WebDriverFacade.java:54)
	at net.thucydides.core.webdriver.WebDriverFacade.openIgnoringHtmlUnitScriptErrors(WebDriverFacade.java:123)
	at net.thucydides.core.webdriver.WebDriverFacade.get(WebDriverFacade.java:118)
	at net.thucydides.core.pages.PageObject.openPageAtUrl(PageObject.java:733)
	at net.thucydides.core.pages.PageObject.open(PageObject.java:643)
	at net.thucydides.core.pages.PageObject.open(PageObject.java:631)
	at thucydidesTest.steps.AddingAFieldUserSteps.is_the_web_page(AddingAFieldUserSteps.java:19)
	at thucydidesTest.steps.AddingAFieldUserSteps$$EnhancerByCGLIB$$2d64dee5.CGLIB$is_the_web_page$4(&lt;generated&gt;)
	at thucydidesTest.steps.AddingAFieldUserSteps$$EnhancerByCGLIB$$2d64dee5$$FastClassByCGLIB$$7d6b9eb2.invoke(&lt;generated&gt;)
	at net.sf.cglib.proxy.MethodProxy.invokeSuper(MethodProxy.java:228)
	at net.thucydides.core.steps.StepInterceptor.invokeMethod(StepInterceptor.java:300)
	at net.thucydides.core.steps.StepInterceptor.executeTestStepMethod(StepInterceptor.java:285)
	at net.thucydides.core.steps.StepInterceptor.runTestStep(StepInterceptor.java:261)
	at net.thucydides.core.steps.StepInterceptor.testStepResult(StepInterceptor.java:125)
	at net.thucydides.core.steps.StepInterceptor.intercept(StepInterceptor.java:51)
	at thucydidesTest.steps.AddingAFieldUserSteps$$EnhancerByCGLIB$$2d64dee5.is_the_web_page(&lt;generated&gt;)
	at thucydidesTest.jbehave.DefinitionStepsAdding2FieldsToTheTable.givenTheUserIsOnTheRanorexWebPage(DefinitionStepsAdding2FieldsToTheTable.java:23)
	(reflection-invoke)
	at org.jbehave.core.steps.StepCreator$ParametrisedStep.perform(StepCreator.java:595)
	at org.jbehave.core.embedder.StoryRunner$FineSoFar.run(StoryRunner.java:535)
...</pre>
</div>
</div>
